[0.011s] Invoking command in '/home/vijay/3d_rover/build/lio_sam': CMAKE_PREFIX_PATH=/opt/ros/humble /usr/bin/cmake /home/vijay/3d_rover/src/LIO-SAM -DAMENT_CMAKE_SYMLINK_INSTALL=1 -DCMAKE_INSTALL_PREFIX=/home/vijay/3d_rover/install/lio_sam
[0.024s] -- Found ament_cmake: 1.3.12 (/opt/ros/humble/share/ament_cmake/cmake)
[0.172s] -- Override CMake install command with custom implementation using symlinks instead of copying resources
[0.184s] -- Found rosidl_default_generators: 1.2.0 (/opt/ros/humble/share/rosidl_default_generators/cmake)
[0.186s] -- Using all available rosidl_typesupport_c: rosidl_typesupport_fastrtps_c;rosidl_typesupport_introspection_c
[0.189s] -- Found rosidl_adapter: 3.1.7 (/opt/ros/humble/share/rosidl_adapter/cmake)
[0.227s] -- Using all available rosidl_typesupport_cpp: rosidl_typesupport_fastrtps_cpp;rosidl_typesupport_introspection_cpp
[0.255s] -- Found rclcpp: 16.0.16 (/opt/ros/humble/share/rclcpp/cmake)
[0.297s] -- Found rmw_implementation_cmake: 6.1.2 (/opt/ros/humble/share/rmw_implementation_cmake/cmake)
[0.298s] -- Found rmw_fastrtps_cpp: 6.2.9 (/opt/ros/humble/share/rmw_fastrtps_cpp/cmake)
[0.456s] -- Using RMW implementation 'rmw_fastrtps_cpp' as default
[0.539s] -- Found rclpy: 3.3.19 (/opt/ros/humble/share/rclpy/cmake)
[0.544s] -- Found cv_bridge: 3.2.1 (/opt/ros/humble/share/cv_bridge/cmake)
[0.622s] -- Found nav_msgs: 4.9.0 (/opt/ros/humble/share/nav_msgs/cmake)
[0.648s] -- Found visualization_msgs: 4.9.0 (/opt/ros/humble/share/visualization_msgs/cmake)
[0.676s] -- Found pcl_conversions: 2.4.5 (/opt/ros/humble/share/pcl_conversions/cmake)
[0.746s] -- Found Eigen: /usr/include/eigen3 (Required is at least version "3.1") 
[0.746s] -- Eigen found (include: /usr/include/eigen3, version: 3.4.0)
[0.811s] -- FLANN found (include: /usr/include, lib: /usr/lib/x86_64-linux-gnu/libflann_cpp.so)
[1.252s] -- OpenNI found (version: 1.5.4.0, include: /usr/include/ni, lib: /usr/lib/libOpenNI.so;libusb::libusb)
[1.260s] -- OpenNI2 found (version: 2.2.0.33, include: /usr/include/openni2, lib: /usr/lib/x86_64-linux-gnu/libOpenNI2.so;libusb::libusb)
[1.454s] -- Eigen found (include: /usr/include/eigen3, version: 3.4.0)
[1.464s] -- OpenNI found (version: 1.5.4.0, include: /usr/include/ni, lib: /usr/lib/libOpenNI.so;libusb::libusb)
[1.473s] -- OpenNI2 found (version: 2.2.0.33, include: /usr/include/openni2, lib: /usr/lib/x86_64-linux-gnu/libOpenNI2.so;libusb::libusb)
[1.650s] -- Found Qhull version 8.0.2
[1.840s] -- OpenNI found (version: 1.5.4.0, include: /usr/include/ni, lib: /usr/lib/libOpenNI.so;libusb::libusb)
[2.014s] -- Found tf2: 0.25.17 (/opt/ros/humble/share/tf2/cmake)
[2.019s] -- Found tf2_geometry_msgs: 0.25.17 (/opt/ros/humble/share/tf2_geometry_msgs/cmake)
[2.023s] -- Found eigen3_cmake_module: 0.1.1 (/opt/ros/humble/share/eigen3_cmake_module/cmake)
[2.025s] -- Ensuring Eigen3 include directory is part of orocos-kdl CMake target
[2.105s] -- Found tf2_sensor_msgs: 0.25.17 (/opt/ros/humble/share/tf2_sensor_msgs/cmake)
[2.108s] -- Found tf2_eigen: 0.25.17 (/opt/ros/humble/share/tf2_eigen/cmake)
[2.115s] CMake Warning (dev) at CMakeLists.txt:29 (find_package):
[2.115s]   Policy CMP0074 is not set: find_package uses <PackageName>_ROOT variables.
[2.115s]   Run "cmake --help-policy CMP0074" for policy details.  Use the cmake_policy
[2.115s]   command to set the policy and suppress this warning.
[2.115s] 
[2.115s]   CMake variable PCL_ROOT is set to:
[2.115s] 
[2.115s]     /usr
[2.115s] 
[2.115s]   For compatibility, CMake is ignoring the variable.
[2.115s] This warning is for project developers.  Use -Wno-dev to suppress it.
[2.115s] 
[2.140s] -- GTSAM include directory:  /opt/ros/humble/lib/cmake/GTSAM/../../../include
[2.148s] -- Found Eigen: /usr/include/eigen3  
[2.148s] -- Eigen found (include: /usr/include/eigen3, version: 3.4.0)
[2.476s] -- Found ament_cmake_ros: 0.10.0 (/opt/ros/humble/share/ament_cmake_ros/cmake)
[2.781s] -- Using all available rosidl_typesupport_c: rosidl_typesupport_fastrtps_c;rosidl_typesupport_introspection_c
[3.198s] -- Using all available rosidl_typesupport_cpp: rosidl_typesupport_fastrtps_cpp;rosidl_typesupport_introspection_cpp
[3.236s] -- Found python_cmake_module: 0.10.0 (/opt/ros/humble/share/python_cmake_module/cmake)
[3.278s] -- Using PYTHON_EXECUTABLE: /usr/bin/python3
[3.278s] -- Using PYTHON_INCLUDE_DIRS: /usr/include/python3.10
[3.278s] -- Using PYTHON_LIBRARIES: /usr/lib/x86_64-linux-gnu/libpython3.10.so
[3.412s] -- Found ament_lint_auto: 0.12.14 (/opt/ros/humble/share/ament_lint_auto/cmake)
[3.428s] -- Added test 'copyright' to check source files copyright and LICENSE
[3.432s] -- Added test 'cppcheck' to perform static code analysis on C / C++ code
[3.434s] -- Configured cppcheck include dirs: /home/vijay/3d_rover/src/LIO-SAM/include/lio_sam
[3.434s] -- Configured cppcheck exclude dirs and/or files: 
[3.441s] -- Added test 'cpplint' to check C / C++ code against the Google style
[3.441s] -- Configured cpplint exclude dirs and/or files: 
[3.442s] -- Added test 'flake8' to check Python code syntax and style conventions
[3.443s] -- Added test 'lint_cmake' to check CMake code style
[3.444s] -- Added test 'pep257' to check Python code against some of the docstring style conventions in PEP 257
[3.448s] -- Added test 'uncrustify' to check C / C++ code style
[3.448s] -- Configured uncrustify additional arguments: 
[3.448s] -- Added test 'xmllint' to check XML markup files
[3.452s] -- Configuring done
[3.629s] -- Generating done
[3.678s] -- Build files have been written to: /home/vijay/3d_rover/build/lio_sam
[3.701s] Invoked command in '/home/vijay/3d_rover/build/lio_sam' returned '0': CMAKE_PREFIX_PATH=/opt/ros/humble /usr/bin/cmake /home/vijay/3d_rover/src/LIO-SAM -DAMENT_CMAKE_SYMLINK_INSTALL=1 -DCMAKE_INSTALL_PREFIX=/home/vijay/3d_rover/install/lio_sam
[3.703s] Invoking command in '/home/vijay/3d_rover/build/lio_sam': CMAKE_PREFIX_PATH=/opt/ros/humble /usr/bin/cmake --build /home/vijay/3d_rover/build/lio_sam -- -j12 -l12
[3.766s] Consolidate compiler generated dependencies of target lio_sam__rosidl_generator_c
[3.770s] failed to create symbolic link '/home/vijay/3d_rover/build/lio_sam/ament_cmake_python/lio_sam/lio_sam' because existing path cannot be removed: Is a directory
[3.771s] gmake[2]: *** [CMakeFiles/ament_cmake_python_symlink_lio_sam.dir/build.make:70: CMakeFiles/ament_cmake_python_symlink_lio_sam] Error 1
[3.772s] gmake[1]: *** [CMakeFiles/Makefile2:429: CMakeFiles/ament_cmake_python_symlink_lio_sam.dir/all] Error 2
[3.772s] gmake[1]: *** Waiting for unfinished jobs....
[3.778s] [  8%] Built target lio_sam__rosidl_generator_c
[3.779s] [ 10%] Built target lio_sam__cpp
[3.780s] gmake: *** [Makefile:146: all] Error 2
[3.783s] Invoked command in '/home/vijay/3d_rover/build/lio_sam' returned '2': CMAKE_PREFIX_PATH=/opt/ros/humble /usr/bin/cmake --build /home/vijay/3d_rover/build/lio_sam -- -j12 -l12
